0 verbose cli /usr/local/bin/node /usr/local/bin/npm
1 info using npm@10.7.0
2 info using node@v20.15.1
3 silly config:load:file:/usr/local/lib/node_modules/npm/npmrc
4 silly config:load:file:/data/.npmrc
5 silly config:load:file:/usr/src/node-red/.npmrc
6 silly config:load:file:/usr/local/etc/npmrc
7 verbose title npm install graphql-request
8 verbose argv "install" "--omit" "dev" "--engine-strict" "graphql-request"
9 verbose logfile logs-max:10 dir:/data/.npm/_logs/2024-08-25T14_05_31_425Z-
10 verbose logfile /data/.npm/_logs/2024-08-25T14_05_31_425Z-debug-0.log
11 silly logfile start cleaning logs, removing 1 files
12 silly logfile done cleaning log files
13 silly idealTree buildDeps
14 silly fetch manifest graphql-request@*
15 http fetch GET 200 https://registry.npmjs.org/graphql-request 184ms (cache revalidated)
16 silly fetch manifest @dprint/formatter@^0.3.0
17 http fetch GET 200 https://registry.npmjs.org/@dprint%2fformatter 664ms (cache revalidated)
18 silly fetch manifest @dprint/typescript@^0.91.1
19 http fetch GET 200 https://registry.npmjs.org/@dprint%2ftypescript 687ms (cache revalidated)
20 silly fetch manifest dprint@^0.46.2
21 http fetch GET 200 https://registry.npmjs.org/dprint 50ms (cache revalidated)
22 silly fetch manifest graphql@14 - 16
23 http fetch GET 200 https://registry.npmjs.org/graphql 47ms (cache revalidated)
24 silly placeDep ROOT graphql-request@7.1.0 OK for: node-red-project@0.0.1 want: *
25 silly placeDep ROOT graphql@16.9.0 OK for: graphql-request@7.1.0 want: 14 - 16
26 silly fetch manifest zod@^3.23.8
27 silly fetch manifest @molt/command@^0.9.0
28 silly fetch manifest @graphql-typed-document-node/core@^3.2.0
29 http fetch GET 200 https://registry.npmjs.org/zod 148ms (cache revalidated)
30 http fetch GET 200 https://registry.npmjs.org/@graphql-typed-document-node%2fcore 231ms (cache revalidated)
31 http fetch GET 200 https://registry.npmjs.org/@molt%2fcommand 233ms (cache revalidated)
32 silly placeDep ROOT @graphql-typed-document-node/core@3.2.0 OK for: graphql-request@7.1.0 want: ^3.2.0
33 silly placeDep ROOT @molt/command@0.9.0 OK for: graphql-request@7.1.0 want: ^0.9.0
34 silly placeDep ROOT zod@3.23.8 OK for: graphql-request@7.1.0 want: ^3.23.8
35 silly fetch manifest alge@0.8.1
36 silly fetch manifest chalk@^5.3.0
37 silly fetch manifest lodash.camelcase@^4.3.0
38 silly fetch manifest lodash.snakecase@^4.1.1
39 silly fetch manifest readline-sync@^1.4.10
40 silly fetch manifest string-length@^6.0.0
41 silly fetch manifest strip-ansi@^7.1.0
42 http fetch GET 200 https://registry.npmjs.org/lodash.camelcase 52ms (cache revalidated)
43 silly fetch manifest ts-toolbelt@^9.6.0
44 http fetch GET 200 https://registry.npmjs.org/chalk 55ms (cache revalidated)
45 silly fetch manifest type-fest@^4.3.1
46 http fetch GET 200 https://registry.npmjs.org/alge 89ms (cache revalidated)
47 silly fetch manifest zod@^3.22.2
48 silly fetch manifest @molt/types@0.2.0
49 http fetch GET 200 https://registry.npmjs.org/strip-ansi 106ms (cache revalidated)
50 http fetch GET 200 https://registry.npmjs.org/string-length 106ms (cache revalidated)
51 http fetch GET 200 https://registry.npmjs.org/readline-sync 108ms (cache revalidated)
52 http fetch GET 200 https://registry.npmjs.org/type-fest 55ms (cache revalidated)
53 http fetch GET 200 https://registry.npmjs.org/lodash.snakecase 113ms (cache revalidated)
54 http fetch GET 200 https://registry.npmjs.org/ts-toolbelt 73ms (cache revalidated)
55 http fetch GET 200 https://registry.npmjs.org/@molt%2ftypes 749ms (cache revalidated)
56 silly placeDep ROOT @molt/types@0.2.0 OK for: @molt/command@0.9.0 want: 0.2.0
57 silly placeDep ROOT alge@0.8.1 OK for: @molt/command@0.9.0 want: 0.8.1
58 silly placeDep ROOT chalk@5.3.0 OK for: @molt/command@0.9.0 want: ^5.3.0
59 silly placeDep ROOT lodash.camelcase@4.3.0 OK for: @molt/command@0.9.0 want: ^4.3.0
60 silly placeDep ROOT lodash.snakecase@4.1.1 OK for: @molt/command@0.9.0 want: ^4.1.1
61 silly placeDep ROOT readline-sync@1.4.10 OK for: @molt/command@0.9.0 want: ^1.4.10
62 silly placeDep ROOT string-length@6.0.0 OK for: @molt/command@0.9.0 want: ^6.0.0
63 silly placeDep ROOT strip-ansi@7.1.0 OK for: @molt/command@0.9.0 want: ^7.1.0
64 silly placeDep ROOT ts-toolbelt@9.6.0 OK for: @molt/command@0.9.0 want: ^9.6.0
65 silly placeDep ROOT type-fest@4.25.0 OK for: @molt/command@0.9.0 want: ^4.3.1
66 silly fetch manifest lodash.ismatch@^4.4.0
67 silly fetch manifest remeda@^1.0.0
68 silly fetch manifest ansi-regex@^6.0.1
69 http fetch GET 200 https://registry.npmjs.org/ansi-regex 41ms (cache revalidated)
70 http fetch GET 200 https://registry.npmjs.org/lodash.ismatch 44ms (cache revalidated)
71 http fetch GET 200 https://registry.npmjs.org/remeda 76ms (cache revalidated)
72 silly placeDep ROOT lodash.ismatch@4.4.0 OK for: alge@0.8.1 want: ^4.4.0
73 silly placeDep ROOT remeda@1.61.0 OK for: alge@0.8.1 want: ^1.0.0
74 silly placeDep ROOT ansi-regex@6.0.1 OK for: strip-ansi@7.1.0 want: ^6.0.1
75 silly reify moves {}
76 silly audit bulk request {
76 silly audit   'agent-base': [ '6.0.2' ],
76 silly audit   asynckit: [ '0.4.0' ],
76 silly audit   axios: [ '1.2.6' ],
76 silly audit   'call-bind': [ '1.0.7' ],
76 silly audit   'combined-stream': [ '1.0.8' ],
76 silly audit   debug: [ '4.3.6' ],
76 silly audit   'define-data-property': [ '1.1.4' ],
76 silly audit   'delayed-stream': [ '1.0.0' ],
76 silly audit   'es-define-property': [ '1.0.0' ],
76 silly audit   'es-errors': [ '1.3.0' ],
76 silly audit   'follow-redirects': [ '1.15.6' ],
76 silly audit   'form-data': [ '4.0.0' ],
76 silly audit   'function-bind': [ '1.1.2' ],
76 silly audit   'get-intrinsic': [ '1.2.4' ],
76 silly audit   gopd: [ '1.0.1' ],
76 silly audit   'has-property-descriptors': [ '1.0.2' ],
76 silly audit   'has-proto': [ '1.0.3' ],
76 silly audit   'has-symbols': [ '1.0.3' ],
76 silly audit   hasown: [ '2.0.2' ],
76 silly audit   'https-proxy-agent': [ '5.0.1' ],
76 silly audit   'mime-db': [ '1.52.0' ],
76 silly audit   'mime-types': [ '2.1.35' ],
76 silly audit   ms: [ '2.1.2' ],
76 silly audit   mustache: [ '4.2.0' ],
76 silly audit   'node-red-contrib-graphql': [ '2.2.0' ],
76 silly audit   'node-red-contrib-ignition-nodes': [ '1.5.17' ],
76 silly audit   'object-inspect': [ '1.13.2' ],
76 silly audit   'proxy-from-env': [ '1.1.0' ],
76 silly audit   punycode: [ '1.4.1' ],
76 silly audit   qs: [ '6.13.0' ],
76 silly audit   'set-function-length': [ '1.2.2' ],
76 silly audit   'side-channel': [ '1.0.6' ],
76 silly audit   undici: [ '6.19.7' ],
76 silly audit   url: [ '0.11.4' ],
76 silly audit   ws: [ '7.5.10' ],
76 silly audit   'graphql-request': [ '7.1.0' ],
76 silly audit   graphql: [ '16.9.0' ],
76 silly audit   '@graphql-typed-document-node/core': [ '3.2.0' ],
76 silly audit   '@molt/command': [ '0.9.0' ],
76 silly audit   zod: [ '3.23.8' ],
76 silly audit   '@molt/types': [ '0.2.0' ],
76 silly audit   alge: [ '0.8.1' ],
76 silly audit   chalk: [ '5.3.0' ],
76 silly audit   'lodash.camelcase': [ '4.3.0' ],
76 silly audit   'lodash.snakecase': [ '4.1.1' ],
76 silly audit   'readline-sync': [ '1.4.10' ],
76 silly audit   'string-length': [ '6.0.0' ],
76 silly audit   'strip-ansi': [ '7.1.0' ],
76 silly audit   'ts-toolbelt': [ '9.6.0' ],
76 silly audit   'type-fest': [ '4.25.0' ],
76 silly audit   'lodash.ismatch': [ '4.4.0' ],
76 silly audit   remeda: [ '1.61.0' ],
76 silly audit   'ansi-regex': [ '6.0.1' ]
76 silly audit }
77 http fetch POST 200 https://registry.npmjs.org/-/npm/v1/security/advisories/bulk 99ms
78 silly audit report {
78 silly audit report   axios: [
78 silly audit report     {
78 silly audit report       id: 1097680,
78 silly audit report       url: 'https://github.com/advisories/GHSA-wf5p-g6vw-rhxx',
78 silly audit report       title: 'Axios Cross-Site Request Forgery Vulnerability',
78 silly audit report       severity: 'moderate',
78 silly audit report       vulnerable_versions: '>=1.0.0 <1.6.0',
78 silly audit report       cwe: [Array],
78 silly audit report       cvss: [Object]
78 silly audit report     }
78 silly audit report   ]
78 silly audit report }
79 http fetch GET 200 https://registry.npmjs.org/axios 53ms (cache revalidated)
80 http fetch GET 200 https://registry.npmjs.org/node-red-contrib-graphql 56ms (cache revalidated)
81 silly ADD node_modules/ansi-regex
82 silly ADD node_modules/remeda
83 silly ADD node_modules/lodash.ismatch
84 silly ADD node_modules/type-fest
85 silly ADD node_modules/ts-toolbelt
86 silly ADD node_modules/strip-ansi
87 silly ADD node_modules/string-length
88 silly ADD node_modules/readline-sync
89 silly ADD node_modules/lodash.snakecase
90 silly ADD node_modules/lodash.camelcase
91 silly ADD node_modules/chalk
92 silly ADD node_modules/alge
93 silly ADD node_modules/@molt/types
94 silly ADD node_modules/zod
95 silly ADD node_modules/@molt/command
96 silly ADD node_modules/@graphql-typed-document-node/core
97 silly ADD node_modules/graphql
98 silly ADD node_modules/graphql-request
99 verbose exit 0
100 info ok
