0 verbose cli /usr/local/bin/node /usr/local/bin/npm
1 info using npm@10.7.0
2 info using node@v20.15.1
3 silly config:load:file:/usr/local/lib/node_modules/npm/npmrc
4 silly config:load:file:/data/.npmrc
5 silly config:load:file:/usr/src/node-red/.npmrc
6 silly config:load:file:/usr/local/etc/npmrc
7 verbose title npm install graphql
8 verbose argv "install" "--omit" "dev" "--engine-strict" "graphql"
9 verbose logfile logs-max:10 dir:/data/.npm/_logs/2024-08-25T13_41_03_650Z-
10 verbose logfile /data/.npm/_logs/2024-08-25T13_41_03_650Z-debug-0.log
11 silly logfile start cleaning logs, removing 1 files
12 silly logfile done cleaning log files
13 silly idealTree buildDeps
14 silly fetch manifest graphql@*
15 http fetch GET 200 https://registry.npmjs.org/graphql 17ms (cache hit)
16 silly placeDep ROOT graphql@16.9.0 REPLACE for: node-red-project@0.0.1 want: *
17 silly reify moves {}
18 silly audit bulk request {
18 silly audit   '@graphql-typed-document-node/core': [ '3.2.0' ],
18 silly audit   '@molt/command': [ '0.9.0' ],
18 silly audit   '@molt/types': [ '0.2.0' ],
18 silly audit   'agent-base': [ '6.0.2' ],
18 silly audit   alge: [ '0.8.1' ],
18 silly audit   'ansi-regex': [ '6.0.1' ],
18 silly audit   asynckit: [ '0.4.0' ],
18 silly audit   axios: [ '1.2.6' ],
18 silly audit   'call-bind': [ '1.0.7' ],
18 silly audit   chalk: [ '5.3.0' ],
18 silly audit   'combined-stream': [ '1.0.8' ],
18 silly audit   debug: [ '4.3.6' ],
18 silly audit   'define-data-property': [ '1.1.4' ],
18 silly audit   'delayed-stream': [ '1.0.0' ],
18 silly audit   'es-define-property': [ '1.0.0' ],
18 silly audit   'es-errors': [ '1.3.0' ],
18 silly audit   'follow-redirects': [ '1.15.6' ],
18 silly audit   'form-data': [ '4.0.0' ],
18 silly audit   'function-bind': [ '1.1.2' ],
18 silly audit   'get-intrinsic': [ '1.2.4' ],
18 silly audit   gopd: [ '1.0.1' ],
18 silly audit   'graphql-request': [ '7.1.0' ],
18 silly audit   'has-property-descriptors': [ '1.0.2' ],
18 silly audit   'has-proto': [ '1.0.3' ],
18 silly audit   'has-symbols': [ '1.0.3' ],
18 silly audit   hasown: [ '2.0.2' ],
18 silly audit   'https-proxy-agent': [ '5.0.1' ],
18 silly audit   'lodash.camelcase': [ '4.3.0' ],
18 silly audit   'lodash.ismatch': [ '4.4.0' ],
18 silly audit   'lodash.snakecase': [ '4.1.1' ],
18 silly audit   'mime-db': [ '1.52.0' ],
18 silly audit   'mime-types': [ '2.1.35' ],
18 silly audit   ms: [ '2.1.2' ],
18 silly audit   mustache: [ '4.2.0' ],
18 silly audit   'node-red-contrib-graphql': [ '2.2.0' ],
18 silly audit   'node-red-contrib-ignition-nodes': [ '1.5.17' ],
18 silly audit   'object-inspect': [ '1.13.2' ],
18 silly audit   'proxy-from-env': [ '1.1.0' ],
18 silly audit   punycode: [ '1.4.1' ],
18 silly audit   qs: [ '6.13.0' ],
18 silly audit   'readline-sync': [ '1.4.10' ],
18 silly audit   remeda: [ '1.61.0' ],
18 silly audit   'set-function-length': [ '1.2.2' ],
18 silly audit   'side-channel': [ '1.0.6' ],
18 silly audit   'string-length': [ '6.0.0' ],
18 silly audit   'strip-ansi': [ '7.1.0' ],
18 silly audit   'ts-toolbelt': [ '9.6.0' ],
18 silly audit   'type-fest': [ '4.25.0' ],
18 silly audit   undici: [ '6.19.7' ],
18 silly audit   url: [ '0.11.4' ],
18 silly audit   ws: [ '7.5.10' ],
18 silly audit   zod: [ '3.23.8' ],
18 silly audit   graphql: [ '16.9.0' ]
18 silly audit }
19 http fetch POST 200 https://registry.npmjs.org/-/npm/v1/security/advisories/bulk 210ms
20 silly audit report {
20 silly audit report   axios: [
20 silly audit report     {
20 silly audit report       id: 1097680,
20 silly audit report       url: 'https://github.com/advisories/GHSA-wf5p-g6vw-rhxx',
20 silly audit report       title: 'Axios Cross-Site Request Forgery Vulnerability',
20 silly audit report       severity: 'moderate',
20 silly audit report       vulnerable_versions: '>=1.0.0 <1.6.0',
20 silly audit report       cwe: [Array],
20 silly audit report       cvss: [Object]
20 silly audit report     }
20 silly audit report   ]
20 silly audit report }
21 http fetch GET 200 https://registry.npmjs.org/axios 7ms (cache hit)
22 http fetch GET 200 https://registry.npmjs.org/node-red-contrib-graphql 3ms (cache hit)
23 verbose exit 0
24 info ok
