0 verbose cli /usr/local/bin/node /usr/local/bin/npm
1 info using npm@10.7.0
2 info using node@v20.15.1
3 silly config:load:file:/usr/local/lib/node_modules/npm/npmrc
4 silly config:load:file:/usr/src/node-red/.npmrc
5 silly config:load:file:/usr/local/etc/npmrc
6 verbose title npm audit fix
7 verbose argv "audit" "fix"
8 verbose logfile logs-max:10 dir:/data/.npm/_logs/2024-08-22T12_26_46_484Z-
9 verbose logfile /data/.npm/_logs/2024-08-22T12_26_46_484Z-debug-0.log
10 silly logfile done cleaning log files
11 silly audit bulk request {
11 silly audit   '@babel/runtime': [ '7.24.7' ],
11 silly audit   '@isaacs/cliui': [ '8.0.2' ],
11 silly audit   'ansi-regex': [ '6.0.1', '5.0.1' ],
11 silly audit   'strip-ansi': [ '7.1.0', '6.0.1' ],
11 silly audit   '@isaacs/fs-minipass': [ '4.0.1' ],
11 silly audit   '@node-red/editor-api': [ '4.0.2' ],
11 silly audit   '@node-red/editor-client': [ '4.0.2' ],
11 silly audit   '@node-red/nodes': [ '4.0.2' ],
11 silly audit   '@node-red/registry': [ '4.0.2' ],
11 silly audit   '@node-red/runtime': [ '4.0.2' ],
11 silly audit   '@node-red/util': [ '4.0.2' ],
11 silly audit   '@node-rs/bcrypt': [ '1.10.4' ],
11 silly audit   '@node-rs/bcrypt-linux-x64-musl': [ '1.10.4' ],
11 silly audit   '@pkgjs/parseargs': [ '0.11.0' ],
11 silly audit   '@sindresorhus/is': [ '5.6.0' ],
11 silly audit   '@szmarczak/http-timer': [ '5.0.1' ],
11 silly audit   '@types/http-cache-semantics': [ '4.0.4' ],
11 silly audit   '@types/node': [ '20.14.10' ],
11 silly audit   '@types/readable-stream': [ '4.0.15' ],
11 silly audit   '@types/ws': [ '8.5.10' ],
11 silly audit   abbrev: [ '1.1.1' ],
11 silly audit   'abort-controller': [ '3.0.0' ],
11 silly audit   accepts: [ '1.3.8' ],
11 silly audit   acorn: [ '8.11.3' ],
11 silly audit   'acorn-walk': [ '8.3.2' ],
11 silly audit   'agent-base': [ '6.0.2' ],
11 silly audit   debug: [ '4.3.5', '2.6.9' ],
11 silly audit   ms: [ '2.1.2', '2.0.0', '2.1.3' ],
11 silly audit   ajv: [ '8.14.0' ],
11 silly audit   'ansi-colors': [ '4.1.3' ],
11 silly audit   'ansi-styles': [ '6.2.1', '4.3.0' ],
11 silly audit   'append-field': [ '1.0.0' ],
11 silly audit   argparse: [ '2.0.1' ],
11 silly audit   'array-flatten': [ '1.1.1' ],
11 silly audit   'async-mutex': [ '0.5.0' ],
11 silly audit   asynckit: [ '0.4.0' ],
11 silly audit   axios: [ '1.7.2' ],
11 silly audit   'balanced-match': [ '1.0.2' ],
11 silly audit   'base64-js': [ '1.5.1' ],
11 silly audit   'basic-auth': [ '2.0.1' ],
11 silly audit   bcryptjs: [ '2.4.3' ],
11 silly audit   bl: [ '6.0.14' ],
11 silly audit   'body-parser': [ '1.20.2' ],
11 silly audit   'iconv-lite': [ '0.4.24', '0.6.3' ],
11 silly audit   boolbase: [ '1.0.0' ],
11 silly audit   'brace-expansion': [ '2.0.1' ],
11 silly audit   buffer: [ '6.0.3' ],
11 silly audit   'buffer-from': [ '1.1.2' ],
11 silly audit   busboy: [ '1.6.0' ],
11 silly audit   bytes: [ '3.1.2' ],
11 silly audit   'cacheable-lookup': [ '7.0.0' ],
11 silly audit   'cacheable-request': [ '10.2.14' ],
11 silly audit   'call-bind': [ '1.0.7' ],
11 silly audit   cheerio: [ '1.0.0-rc.10' ],
11 silly audit   'cheerio-select': [ '1.6.0' ],
11 silly audit   chownr: [ '3.0.0' ],
11 silly audit   'cli-table': [ '0.3.11' ],
11 silly audit   clone: [ '2.1.2' ],
11 silly audit   'color-convert': [ '2.0.1' ],
11 silly audit   'color-name': [ '1.1.4' ],
11 silly audit   colors: [ '1.0.3' ],
11 silly audit   'combined-stream': [ '1.0.8' ],
11 silly audit   commist: [ '3.2.0' ],
11 silly audit   'concat-stream': [ '2.0.0', '1.6.2' ],
11 silly audit   'readable-stream': [ '3.6.2', '2.3.8', '4.5.2' ],
11 silly audit   'content-disposition': [ '0.5.4' ],
11 silly audit   'safe-buffer': [ '5.2.1', '5.1.2' ],
11 silly audit   'content-type': [ '1.0.5' ],
11 silly audit   cookie: [ '0.6.0', '0.4.1' ],
11 silly audit   'cookie-parser': [ '1.4.6' ],
11 silly audit   'cookie-signature': [ '1.0.6', '1.0.7' ],
11 silly audit   'core-util-is': [ '1.0.3' ],
11 silly audit   cors: [ '2.8.5' ],
11 silly audit   cronosjs: [ '1.7.1' ],
11 silly audit   'cross-spawn': [ '7.0.3' ],
11 silly audit   'css-select': [ '4.3.0' ],
11 silly audit   'css-what': [ '6.1.0' ],
11 silly audit   'decompress-response': [ '6.0.0' ],
11 silly audit   'mimic-response': [ '3.1.0', '4.0.0' ],
11 silly audit   'defer-to-connect': [ '2.0.1' ],
11 silly audit   'define-data-property': [ '1.1.4' ],
11 silly audit   'delayed-stream': [ '1.0.0' ],
11 silly audit   denque: [ '2.1.0' ],
11 silly audit   depd: [ '2.0.0' ],
11 silly audit   destroy: [ '1.2.0' ],
11 silly audit   'dom-serializer': [ '1.4.1' ],
11 silly audit   domelementtype: [ '2.3.0' ],
11 silly audit   domhandler: [ '4.3.1' ],
11 silly audit   domutils: [ '2.8.0' ],
11 silly audit   eastasianwidth: [ '0.2.0' ],
11 silly audit   'ee-first': [ '1.1.1' ],
11 silly audit   'emoji-regex': [ '9.2.2', '8.0.0' ],
11 silly audit   encodeurl: [ '1.0.2' ],
11 silly audit   enquirer: [ '2.4.1' ],
11 silly audit   entities: [ '2.2.0' ],
11 silly audit   'es-define-property': [ '1.0.0' ],
11 silly audit   'es-errors': [ '1.3.0' ],
11 silly audit   'escape-html': [ '1.0.3' ],
11 silly audit   etag: [ '1.8.1' ],
11 silly audit   'event-target-shim': [ '5.0.1' ],
11 silly audit   events: [ '3.3.0' ],
11 silly audit   express: [ '4.19.2' ],
11 silly audit   'express-session': [ '1.18.0' ],
11 silly audit   'fast-deep-equal': [ '3.1.3' ],
11 silly audit   'fast-unique-numbers': [ '8.0.13' ],
11 silly audit   finalhandler: [ '1.2.0' ],
11 silly audit   'follow-redirects': [ '1.15.6' ],
11 silly audit   'foreground-child': [ '3.2.1' ],
11 silly audit   'form-data': [ '4.0.0' ],
11 silly audit   'form-data-encoder': [ '2.1.4' ],
11 silly audit   forwarded: [ '0.2.0' ],
11 silly audit   fresh: [ '0.5.2' ],
11 silly audit   'fs-extra': [ '11.2.0' ],
11 silly audit   'function-bind': [ '1.1.2' ],
11 silly audit   'get-intrinsic': [ '1.2.4' ],
11 silly audit   'get-stream': [ '6.0.1' ],
11 silly audit   glob: [ '10.4.5' ],
11 silly audit   gopd: [ '1.0.1' ],
11 silly audit   got: [ '12.6.0' ],
11 silly audit   'graceful-fs': [ '4.2.11' ],
11 silly audit   'has-property-descriptors': [ '1.0.2' ],
11 silly audit   'has-proto': [ '1.0.3' ],
11 silly audit   'has-symbols': [ '1.0.3' ],
11 silly audit   'hash-sum': [ '2.0.0' ],
11 silly audit   hasown: [ '2.0.2' ],
11 silly audit   'help-me': [ '5.0.0' ],
11 silly audit   hpagent: [ '1.2.0' ],
11 silly audit   htmlparser2: [ '6.1.0' ],
11 silly audit   'http-cache-semantics': [ '4.1.1' ],
11 silly audit   'http-errors': [ '2.0.0' ],
11 silly audit   'http2-wrapper': [ '2.2.1' ],
11 silly audit   'https-proxy-agent': [ '5.0.1' ],
11 silly audit   i18next: [ '21.10.0' ],
11 silly audit   ieee754: [ '1.2.1' ],
11 silly audit   inherits: [ '2.0.4' ],
11 silly audit   'ipaddr.js': [ '1.9.1' ],
11 silly audit   'is-fullwidth-code-point': [ '3.0.0' ],
11 silly audit   'is-utf8': [ '0.2.1' ],
11 silly audit   isarray: [ '1.0.0' ],
11 silly audit   isexe: [ '2.0.0' ],
11 silly audit   jackspeak: [ '3.4.3' ],
11 silly audit   'js-sdsl': [ '4.3.0' ],
11 silly audit   'js-yaml': [ '4.1.0' ],
11 silly audit   'json-buffer': [ '3.0.1' ],
11 silly audit   'json-schema-traverse': [ '1.0.0' ],
11 silly audit   'json-stringify-safe': [ '5.0.1' ],
11 silly audit   jsonata: [ '2.0.5' ],
11 silly audit   jsonfile: [ '6.1.0' ],
11 silly audit   keyv: [ '4.5.4' ],
11 silly audit   'lodash.clonedeep': [ '4.5.0' ],
11 silly audit   'lowercase-keys': [ '3.0.0' ],
11 silly audit   'lru-cache': [ '4.1.5', '10.4.3', '6.0.0' ],
11 silly audit   'media-typer': [ '1.1.0', '0.3.0' ],
11 silly audit   memorystore: [ '1.6.7' ],
11 silly audit   'merge-descriptors': [ '1.0.1' ],
11 silly audit   methods: [ '1.1.2' ],
11 silly audit   mime: [ '3.0.0', '1.6.0' ],
11 silly audit   'mime-db': [ '1.52.0' ],
11 silly audit   'mime-types': [ '2.1.35' ],
11 silly audit   minimatch: [ '9.0.5' ],
11 silly audit   minimist: [ '1.2.8' ],
11 silly audit   minipass: [ '7.1.2' ],
11 silly audit   minizlib: [ '3.0.1' ],
11 silly audit   mkdirp: [ '0.5.6', '3.0.1' ],
11 silly audit   moment: [ '2.30.1' ],
11 silly audit   'moment-timezone': [ '0.5.45' ],
11 silly audit   mqtt: [ '5.7.0' ],
11 silly audit   'mqtt-packet': [ '9.0.0' ],
11 silly audit   ws: [ '8.18.0', '7.5.10' ],
11 silly audit   multer: [ '1.4.5-lts.1' ],
11 silly audit   string_decoder: [ '1.1.1', '1.3.0' ],
11 silly audit   mustache: [ '4.2.0' ],
11 silly audit   'mute-stream': [ '1.0.0' ],
11 silly audit   negotiator: [ '0.6.3' ],
11 silly audit   'node-csv': [ '0.1.2' ],
11 silly audit   'node-red': [ '4.0.2' ],
11 silly audit   'node-red-admin': [ '4.0.0' ],
11 silly audit   'node-watch': [ '0.7.4' ],
11 silly audit   nopt: [ '5.0.0' ],
11 silly audit   'normalize-url': [ '8.0.1' ],
11 silly audit   'nth-check': [ '2.1.1' ],
11 silly audit   'number-allocator': [ '1.0.14' ],
11 silly audit   oauth2orize: [ '1.12.0' ],
11 silly audit   'object-assign': [ '4.1.1' ],
11 silly audit   'object-inspect': [ '1.13.2' ],
11 silly audit   'on-finished': [ '2.4.1' ],
11 silly audit   'on-headers': [ '1.0.2' ],
11 silly audit   'p-cancelable': [ '3.0.0' ],
11 silly audit   'package-json-from-dist': [ '1.0.0' ],
11 silly audit   parse5: [ '6.0.1' ],
11 silly audit   'parse5-htmlparser2-tree-adapter': [ '6.0.1' ],
11 silly audit   parseurl: [ '1.3.3' ],
11 silly audit   passport: [ '0.7.0' ],
11 silly audit   'passport-http-bearer': [ '1.0.1' ],
11 silly audit   'passport-oauth2-client-password': [ '0.1.2' ],
11 silly audit   'passport-strategy': [ '1.0.0' ],
11 silly audit   'path-key': [ '3.1.1' ],
11 silly audit   'path-scurry': [ '1.11.1' ],
11 silly audit   'path-to-regexp': [ '0.1.7' ],
11 silly audit   pause: [ '0.0.1' ],
11 silly audit   process: [ '0.11.10' ],
11 silly audit   'process-nextick-args': [ '2.0.1' ],
11 silly audit   'proxy-addr': [ '2.0.7' ],
11 silly audit   'proxy-from-env': [ '1.1.0' ],
11 silly audit   pseudomap: [ '1.0.2' ],
11 silly audit   psl: [ '1.9.0' ],
11 silly audit   punycode: [ '2.3.1' ],
11 silly audit   qs: [ '6.11.0' ],
11 silly audit   querystringify: [ '2.2.0' ],
11 silly audit   'quick-lru': [ '5.1.1' ],
11 silly audit   'random-bytes': [ '1.0.0' ],
11 silly audit   'range-parser': [ '1.2.1' ],
11 silly audit   'raw-body': [ '2.5.2' ],
11 silly audit   read: [ '3.0.1' ],
11 silly audit   'regenerator-runtime': [ '0.14.1' ],
11 silly audit   reinterval: [ '1.1.0' ],
11 silly audit   'require-from-string': [ '2.0.2' ],
11 silly audit   'requires-port': [ '1.0.0' ],
11 silly audit   'resolve-alpn': [ '1.2.1' ],
11 silly audit   responselike: [ '3.0.0' ],
11 silly audit   rfdc: [ '1.4.1' ],
11 silly audit   rimraf: [ '5.0.9' ],
11 silly audit   'safer-buffer': [ '2.1.2' ],
11 silly audit   sax: [ '1.4.1' ],
11 silly audit   semver: [ '7.5.4' ],
11 silly audit   yallist: [ '4.0.0', '5.0.0', '2.1.2' ],
11 silly audit   send: [ '0.18.0' ],
11 silly audit   'serve-static': [ '1.15.0' ],
11 silly audit   'set-function-length': [ '1.2.2' ],
11 silly audit   setprototypeof: [ '1.2.0' ],
11 silly audit   'shebang-command': [ '2.0.0' ],
11 silly audit   'shebang-regex': [ '3.0.0' ],
11 silly audit   'side-channel': [ '1.0.6' ],
11 silly audit   'signal-exit': [ '4.1.0' ],
11 silly audit   split2: [ '4.2.0' ],
11 silly audit   statuses: [ '2.0.1' ],
11 silly audit   streamsearch: [ '1.1.0' ],
11 silly audit   'string-width': [ '5.1.2', '4.2.3' ],
11 silly audit   tar: [ '7.2.0' ],
11 silly audit   toidentifier: [ '1.0.1' ],
11 silly audit   'tough-cookie': [ '4.1.4' ],
11 silly audit   universalify: [ '0.2.0', '2.0.1' ],
11 silly audit   tslib: [ '2.6.3' ],
11 silly audit   'type-is': [ '1.6.18' ],
11 silly audit   typedarray: [ '0.0.6' ],
11 silly audit   'uglify-js': [ '3.17.4' ],
11 silly audit   'uid-safe': [ '2.1.5' ],
11 silly audit   uid2: [ '0.0.4' ],
11 silly audit   'undici-types': [ '5.26.5' ],
11 silly audit   unpipe: [ '1.0.0' ],
11 silly audit   'uri-js': [ '4.4.1' ],
11 silly audit   'url-parse': [ '1.5.10' ],
11 silly audit   'util-deprecate': [ '1.0.2' ],
11 silly audit   'utils-merge': [ '1.0.1' ],
11 silly audit   uuid: [ '9.0.1' ],
11 silly audit   vary: [ '1.1.2' ],
11 silly audit   which: [ '2.0.2' ],
11 silly audit   'worker-timers': [ '7.1.8' ],
11 silly audit   'worker-timers-broker': [ '6.1.8' ],
11 silly audit   'worker-timers-worker': [ '7.0.71' ],
11 silly audit   'wrap-ansi': [ '8.1.0', '7.0.0' ],
11 silly audit   xml2js: [ '0.6.2' ],
11 silly audit   xmlbuilder: [ '11.0.1' ],
11 silly audit   xtend: [ '4.0.2' ]
11 silly audit }
12 http fetch POST 200 https://registry.npmjs.org/-/npm/v1/security/advisories/bulk 227ms
13 silly audit report {
13 silly audit report   axios: [
13 silly audit report     {
13 silly audit report       id: 1098583,
13 silly audit report       url: 'https://github.com/advisories/GHSA-8hc4-vh64-cxmj',
13 silly audit report       title: 'Server-Side Request Forgery in axios',
13 silly audit report       severity: 'high',
13 silly audit report       vulnerable_versions: '>=1.3.2 <=1.7.3',
13 silly audit report       cwe: [Array],
13 silly audit report       cvss: [Object]
13 silly audit report     }
13 silly audit report   ]
13 silly audit report }
14 http fetch GET 200 https://registry.npmjs.org/axios 8ms (cache hit)
15 http fetch GET 200 https://registry.npmjs.org/node-red-admin 2ms (cache hit)
16 silly idealTree buildDeps
17 silly fetch manifest axios@^1.7.2
18 silly placeDep ROOT axios@1.7.4 REPLACE for: node-red-admin@4.0.0 want: ^1.7.2
19 silly reify mark retired [ '/usr/src/node-red/node_modules/axios' ]
20 silly reify moves {
20 silly reify   '/usr/src/node-red/node_modules/axios': '/usr/src/node-red/node_modules/.axios-zeTZEEur'
20 silly reify }
21 silly audit bulk request {
21 silly audit   '@babel/runtime': [ '7.24.7' ],
21 silly audit   '@isaacs/cliui': [ '8.0.2' ],
21 silly audit   'ansi-regex': [ '6.0.1', '5.0.1' ],
21 silly audit   'strip-ansi': [ '7.1.0', '6.0.1' ],
21 silly audit   '@isaacs/fs-minipass': [ '4.0.1' ],
21 silly audit   '@node-red/editor-api': [ '4.0.2' ],
21 silly audit   '@node-red/editor-client': [ '4.0.2' ],
21 silly audit   '@node-red/nodes': [ '4.0.2' ],
21 silly audit   '@node-red/registry': [ '4.0.2' ],
21 silly audit   '@node-red/runtime': [ '4.0.2' ],
21 silly audit   '@node-red/util': [ '4.0.2' ],
21 silly audit   '@node-rs/bcrypt': [ '1.10.4' ],
21 silly audit   '@node-rs/bcrypt-linux-x64-musl': [ '1.10.4' ],
21 silly audit   '@pkgjs/parseargs': [ '0.11.0' ],
21 silly audit   '@sindresorhus/is': [ '5.6.0' ],
21 silly audit   '@szmarczak/http-timer': [ '5.0.1' ],
21 silly audit   '@types/http-cache-semantics': [ '4.0.4' ],
21 silly audit   '@types/node': [ '20.14.10' ],
21 silly audit   '@types/readable-stream': [ '4.0.15' ],
21 silly audit   '@types/ws': [ '8.5.10' ],
21 silly audit   abbrev: [ '1.1.1' ],
21 silly audit   'abort-controller': [ '3.0.0' ],
21 silly audit   accepts: [ '1.3.8' ],
21 silly audit   acorn: [ '8.11.3' ],
21 silly audit   'acorn-walk': [ '8.3.2' ],
21 silly audit   'agent-base': [ '6.0.2' ],
21 silly audit   debug: [ '4.3.5', '2.6.9' ],
21 silly audit   ms: [ '2.1.2', '2.0.0', '2.1.3' ],
21 silly audit   ajv: [ '8.14.0' ],
21 silly audit   'ansi-colors': [ '4.1.3' ],
21 silly audit   'ansi-styles': [ '6.2.1', '4.3.0' ],
21 silly audit   'append-field': [ '1.0.0' ],
21 silly audit   argparse: [ '2.0.1' ],
21 silly audit   'array-flatten': [ '1.1.1' ],
21 silly audit   'async-mutex': [ '0.5.0' ],
21 silly audit   asynckit: [ '0.4.0' ],
21 silly audit   'balanced-match': [ '1.0.2' ],
21 silly audit   'base64-js': [ '1.5.1' ],
21 silly audit   'basic-auth': [ '2.0.1' ],
21 silly audit   bcryptjs: [ '2.4.3' ],
21 silly audit   bl: [ '6.0.14' ],
21 silly audit   'body-parser': [ '1.20.2' ],
21 silly audit   'iconv-lite': [ '0.4.24', '0.6.3' ],
21 silly audit   boolbase: [ '1.0.0' ],
21 silly audit   'brace-expansion': [ '2.0.1' ],
21 silly audit   buffer: [ '6.0.3' ],
21 silly audit   'buffer-from': [ '1.1.2' ],
21 silly audit   busboy: [ '1.6.0' ],
21 silly audit   bytes: [ '3.1.2' ],
21 silly audit   'cacheable-lookup': [ '7.0.0' ],
21 silly audit   'cacheable-request': [ '10.2.14' ],
21 silly audit   'call-bind': [ '1.0.7' ],
21 silly audit   cheerio: [ '1.0.0-rc.10' ],
21 silly audit   'cheerio-select': [ '1.6.0' ],
21 silly audit   chownr: [ '3.0.0' ],
21 silly audit   'cli-table': [ '0.3.11' ],
21 silly audit   clone: [ '2.1.2' ],
21 silly audit   'color-convert': [ '2.0.1' ],
21 silly audit   'color-name': [ '1.1.4' ],
21 silly audit   colors: [ '1.0.3' ],
21 silly audit   'combined-stream': [ '1.0.8' ],
21 silly audit   commist: [ '3.2.0' ],
21 silly audit   'concat-stream': [ '2.0.0', '1.6.2' ],
21 silly audit   'readable-stream': [ '3.6.2', '2.3.8', '4.5.2' ],
21 silly audit   'content-disposition': [ '0.5.4' ],
21 silly audit   'safe-buffer': [ '5.2.1', '5.1.2' ],
21 silly audit   'content-type': [ '1.0.5' ],
21 silly audit   cookie: [ '0.6.0', '0.4.1' ],
21 silly audit   'cookie-parser': [ '1.4.6' ],
21 silly audit   'cookie-signature': [ '1.0.6', '1.0.7' ],
21 silly audit   'core-util-is': [ '1.0.3' ],
21 silly audit   cors: [ '2.8.5' ],
21 silly audit   cronosjs: [ '1.7.1' ],
21 silly audit   'cross-spawn': [ '7.0.3' ],
21 silly audit   'css-select': [ '4.3.0' ],
21 silly audit   'css-what': [ '6.1.0' ],
21 silly audit   'decompress-response': [ '6.0.0' ],
21 silly audit   'mimic-response': [ '3.1.0', '4.0.0' ],
21 silly audit   'defer-to-connect': [ '2.0.1' ],
21 silly audit   'define-data-property': [ '1.1.4' ],
21 silly audit   'delayed-stream': [ '1.0.0' ],
21 silly audit   denque: [ '2.1.0' ],
21 silly audit   depd: [ '2.0.0' ],
21 silly audit   destroy: [ '1.2.0' ],
21 silly audit   'dom-serializer': [ '1.4.1' ],
21 silly audit   domelementtype: [ '2.3.0' ],
21 silly audit   domhandler: [ '4.3.1' ],
21 silly audit   domutils: [ '2.8.0' ],
21 silly audit   eastasianwidth: [ '0.2.0' ],
21 silly audit   'ee-first': [ '1.1.1' ],
21 silly audit   'emoji-regex': [ '9.2.2', '8.0.0' ],
21 silly audit   encodeurl: [ '1.0.2' ],
21 silly audit   enquirer: [ '2.4.1' ],
21 silly audit   entities: [ '2.2.0' ],
21 silly audit   'es-define-property': [ '1.0.0' ],
21 silly audit   'es-errors': [ '1.3.0' ],
21 silly audit   'escape-html': [ '1.0.3' ],
21 silly audit   etag: [ '1.8.1' ],
21 silly audit   'event-target-shim': [ '5.0.1' ],
21 silly audit   events: [ '3.3.0' ],
21 silly audit   express: [ '4.19.2' ],
21 silly audit   'express-session': [ '1.18.0' ],
21 silly audit   'fast-deep-equal': [ '3.1.3' ],
21 silly audit   'fast-unique-numbers': [ '8.0.13' ],
21 silly audit   finalhandler: [ '1.2.0' ],
21 silly audit   'follow-redirects': [ '1.15.6' ],
21 silly audit   'foreground-child': [ '3.2.1' ],
21 silly audit   'form-data': [ '4.0.0' ],
21 silly audit   'form-data-encoder': [ '2.1.4' ],
21 silly audit   forwarded: [ '0.2.0' ],
21 silly audit   fresh: [ '0.5.2' ],
21 silly audit   'fs-extra': [ '11.2.0' ],
21 silly audit   'function-bind': [ '1.1.2' ],
21 silly audit   'get-intrinsic': [ '1.2.4' ],
21 silly audit   'get-stream': [ '6.0.1' ],
21 silly audit   glob: [ '10.4.5' ],
21 silly audit   gopd: [ '1.0.1' ],
21 silly audit   got: [ '12.6.0' ],
21 silly audit   'graceful-fs': [ '4.2.11' ],
21 silly audit   'has-property-descriptors': [ '1.0.2' ],
21 silly audit   'has-proto': [ '1.0.3' ],
21 silly audit   'has-symbols': [ '1.0.3' ],
21 silly audit   'hash-sum': [ '2.0.0' ],
21 silly audit   hasown: [ '2.0.2' ],
21 silly audit   'help-me': [ '5.0.0' ],
21 silly audit   hpagent: [ '1.2.0' ],
21 silly audit   htmlparser2: [ '6.1.0' ],
21 silly audit   'http-cache-semantics': [ '4.1.1' ],
21 silly audit   'http-errors': [ '2.0.0' ],
21 silly audit   'http2-wrapper': [ '2.2.1' ],
21 silly audit   'https-proxy-agent': [ '5.0.1' ],
21 silly audit   i18next: [ '21.10.0' ],
21 silly audit   ieee754: [ '1.2.1' ],
21 silly audit   inherits: [ '2.0.4' ],
21 silly audit   'ipaddr.js': [ '1.9.1' ],
21 silly audit   'is-fullwidth-code-point': [ '3.0.0' ],
21 silly audit   'is-utf8': [ '0.2.1' ],
21 silly audit   isarray: [ '1.0.0' ],
21 silly audit   isexe: [ '2.0.0' ],
21 silly audit   jackspeak: [ '3.4.3' ],
21 silly audit   'js-sdsl': [ '4.3.0' ],
21 silly audit   'js-yaml': [ '4.1.0' ],
21 silly audit   'json-buffer': [ '3.0.1' ],
21 silly audit   'json-schema-traverse': [ '1.0.0' ],
21 silly audit   'json-stringify-safe': [ '5.0.1' ],
21 silly audit   jsonata: [ '2.0.5' ],
21 silly audit   jsonfile: [ '6.1.0' ],
21 silly audit   keyv: [ '4.5.4' ],
21 silly audit   'lodash.clonedeep': [ '4.5.0' ],
21 silly audit   'lowercase-keys': [ '3.0.0' ],
21 silly audit   'lru-cache': [ '4.1.5', '10.4.3', '6.0.0' ],
21 silly audit   'media-typer': [ '1.1.0', '0.3.0' ],
21 silly audit   memorystore: [ '1.6.7' ],
21 silly audit   'merge-descriptors': [ '1.0.1' ],
21 silly audit   methods: [ '1.1.2' ],
21 silly audit   mime: [ '3.0.0', '1.6.0' ],
21 silly audit   'mime-db': [ '1.52.0' ],
21 silly audit   'mime-types': [ '2.1.35' ],
21 silly audit   minimatch: [ '9.0.5' ],
21 silly audit   minimist: [ '1.2.8' ],
21 silly audit   minipass: [ '7.1.2' ],
21 silly audit   minizlib: [ '3.0.1' ],
21 silly audit   mkdirp: [ '0.5.6', '3.0.1' ],
21 silly audit   moment: [ '2.30.1' ],
21 silly audit   'moment-timezone': [ '0.5.45' ],
21 silly audit   mqtt: [ '5.7.0' ],
21 silly audit   'mqtt-packet': [ '9.0.0' ],
21 silly audit   ws: [ '8.18.0', '7.5.10' ],
21 silly audit   multer: [ '1.4.5-lts.1' ],
21 silly audit   string_decoder: [ '1.1.1', '1.3.0' ],
21 silly audit   mustache: [ '4.2.0' ],
21 silly audit   'mute-stream': [ '1.0.0' ],
21 silly audit   negotiator: [ '0.6.3' ],
21 silly audit   'node-csv': [ '0.1.2' ],
21 silly audit   'node-red': [ '4.0.2' ],
21 silly audit   'node-red-admin': [ '4.0.0' ],
21 silly audit   'node-watch': [ '0.7.4' ],
21 silly audit   nopt: [ '5.0.0' ],
21 silly audit   'normalize-url': [ '8.0.1' ],
21 silly audit   'nth-check': [ '2.1.1' ],
21 silly audit   'number-allocator': [ '1.0.14' ],
21 silly audit   oauth2orize: [ '1.12.0' ],
21 silly audit   'object-assign': [ '4.1.1' ],
21 silly audit   'object-inspect': [ '1.13.2' ],
21 silly audit   'on-finished': [ '2.4.1' ],
21 silly audit   'on-headers': [ '1.0.2' ],
21 silly audit   'p-cancelable': [ '3.0.0' ],
21 silly audit   'package-json-from-dist': [ '1.0.0' ],
21 silly audit   parse5: [ '6.0.1' ],
21 silly audit   'parse5-htmlparser2-tree-adapter': [ '6.0.1' ],
21 silly audit   parseurl: [ '1.3.3' ],
21 silly audit   passport: [ '0.7.0' ],
21 silly audit   'passport-http-bearer': [ '1.0.1' ],
21 silly audit   'passport-oauth2-client-password': [ '0.1.2' ],
21 silly audit   'passport-strategy': [ '1.0.0' ],
21 silly audit   'path-key': [ '3.1.1' ],
21 silly audit   'path-scurry': [ '1.11.1' ],
21 silly audit   'path-to-regexp': [ '0.1.7' ],
21 silly audit   pause: [ '0.0.1' ],
21 silly audit   process: [ '0.11.10' ],
21 silly audit   'process-nextick-args': [ '2.0.1' ],
21 silly audit   'proxy-addr': [ '2.0.7' ],
21 silly audit   'proxy-from-env': [ '1.1.0' ],
21 silly audit   pseudomap: [ '1.0.2' ],
21 silly audit   psl: [ '1.9.0' ],
21 silly audit   punycode: [ '2.3.1' ],
21 silly audit   qs: [ '6.11.0' ],
21 silly audit   querystringify: [ '2.2.0' ],
21 silly audit   'quick-lru': [ '5.1.1' ],
21 silly audit   'random-bytes': [ '1.0.0' ],
21 silly audit   'range-parser': [ '1.2.1' ],
21 silly audit   'raw-body': [ '2.5.2' ],
21 silly audit   read: [ '3.0.1' ],
21 silly audit   'regenerator-runtime': [ '0.14.1' ],
21 silly audit   reinterval: [ '1.1.0' ],
21 silly audit   'require-from-string': [ '2.0.2' ],
21 silly audit   'requires-port': [ '1.0.0' ],
21 silly audit   'resolve-alpn': [ '1.2.1' ],
21 silly audit   responselike: [ '3.0.0' ],
21 silly audit   rfdc: [ '1.4.1' ],
21 silly audit   rimraf: [ '5.0.9' ],
21 silly audit   'safer-buffer': [ '2.1.2' ],
21 silly audit   sax: [ '1.4.1' ],
21 silly audit   semver: [ '7.5.4' ],
21 silly audit   yallist: [ '4.0.0', '5.0.0', '2.1.2' ],
21 silly audit   send: [ '0.18.0' ],
21 silly audit   'serve-static': [ '1.15.0' ],
21 silly audit   'set-function-length': [ '1.2.2' ],
21 silly audit   setprototypeof: [ '1.2.0' ],
21 silly audit   'shebang-command': [ '2.0.0' ],
21 silly audit   'shebang-regex': [ '3.0.0' ],
21 silly audit   'side-channel': [ '1.0.6' ],
21 silly audit   'signal-exit': [ '4.1.0' ],
21 silly audit   split2: [ '4.2.0' ],
21 silly audit   statuses: [ '2.0.1' ],
21 silly audit   streamsearch: [ '1.1.0' ],
21 silly audit   'string-width': [ '5.1.2', '4.2.3' ],
21 silly audit   tar: [ '7.2.0' ],
21 silly audit   toidentifier: [ '1.0.1' ],
21 silly audit   'tough-cookie': [ '4.1.4' ],
21 silly audit   universalify: [ '0.2.0', '2.0.1' ],
21 silly audit   tslib: [ '2.6.3' ],
21 silly audit   'type-is': [ '1.6.18' ],
21 silly audit   typedarray: [ '0.0.6' ],
21 silly audit   'uglify-js': [ '3.17.4' ],
21 silly audit   'uid-safe': [ '2.1.5' ],
21 silly audit   uid2: [ '0.0.4' ],
21 silly audit   'undici-types': [ '5.26.5' ],
21 silly audit   unpipe: [ '1.0.0' ],
21 silly audit   'uri-js': [ '4.4.1' ],
21 silly audit   'url-parse': [ '1.5.10' ],
21 silly audit   'util-deprecate': [ '1.0.2' ],
21 silly audit   'utils-merge': [ '1.0.1' ],
21 silly audit   uuid: [ '9.0.1' ],
21 silly audit   vary: [ '1.1.2' ],
21 silly audit   which: [ '2.0.2' ],
21 silly audit   'worker-timers': [ '7.1.8' ],
21 silly audit   'worker-timers-broker': [ '6.1.8' ],
21 silly audit   'worker-timers-worker': [ '7.0.71' ],
21 silly audit   'wrap-ansi': [ '8.1.0', '7.0.0' ],
21 silly audit   xml2js: [ '0.6.2' ],
21 silly audit   xmlbuilder: [ '11.0.1' ],
21 silly audit   xtend: [ '4.0.2' ],
21 silly audit   axios: [ '1.7.4' ]
21 silly audit }
22 silly tarball no local data for axios@https://registry.npmjs.org/axios/-/axios-1.7.4.tgz. Extracting by manifest.
23 http fetch POST 200 https://registry.npmjs.org/-/npm/v1/security/advisories/bulk 90ms
24 silly audit report {}
25 http fetch GET 200 https://registry.npmjs.org/axios/-/axios-1.7.4.tgz 182ms (cache miss)
26 silly CHANGE node_modules/axios
27 verbose exit 0
28 info ok
