0 verbose cli /usr/local/bin/node /usr/local/bin/npm
1 info using npm@10.7.0
2 info using node@v20.15.1
3 silly config:load:file:/usr/local/lib/node_modules/npm/npmrc
4 silly config:load:file:/data/.npmrc
5 silly config:load:file:/usr/src/node-red/.npmrc
6 silly config:load:file:/usr/local/etc/npmrc
7 verbose title npm install @kazuhitoyokoi/node-red-contrib-plugin-codecompletion@0.1.1
8 verbose argv "install" "--no-audit" "--no-update-notifier" "--no-fund" "--save" "--save-prefix" "~" "--omit" "dev" "--engine-strict" "@kazuhitoyokoi/node-red-contrib-plugin-codecompletion@0.1.1"
9 verbose logfile logs-max:10 dir:/data/.npm/_logs/2024-09-03T16_57_24_249Z-
10 verbose logfile /data/.npm/_logs/2024-09-03T16_57_24_249Z-debug-0.log
11 silly logfile start cleaning logs, removing 1 files
12 silly logfile done cleaning log files
13 silly idealTree buildDeps
14 silly fetch manifest @kazuhitoyokoi/node-red-contrib-plugin-codecompletion@0.1.1
15 verbose shrinkwrap failed to load node_modules/.package-lock.json out of date, updated: node_modules/node-red-contrib-graphql
16 http fetch GET 200 https://registry.npmjs.org/@kazuhitoyokoi%2fnode-red-contrib-plugin-codecompletion 884ms (cache miss)
17 silly placeDep ROOT @kazuhitoyokoi/node-red-contrib-plugin-codecompletion@0.1.1 OK for: node-red-project@0.0.1 want: 0.1.1
18 silly reify moves {}
19 silly tarball no local data for @kazuhitoyokoi/node-red-contrib-plugin-codecompletion@https://registry.npmjs.org/@kazuhitoyokoi/node-red-contrib-plugin-codecompletion/-/node-red-contrib-plugin-codecompletion-0.1.1.tgz. Extracting by manifest.
20 http fetch GET 200 https://registry.npmjs.org/@kazuhitoyokoi/node-red-contrib-plugin-codecompletion/-/node-red-contrib-plugin-codecompletion-0.1.1.tgz 587ms (cache miss)
21 silly ADD node_modules/@kazuhitoyokoi/node-red-contrib-plugin-codecompletion
22 verbose exit 0
23 info ok
